2025/01/14 17:31:30 [emerg] 1#1: host not found in upstream "php_wdpai" in /etc/nginx/conf.d/default.conf:12
2025/01/14 17:39:15 [emerg] 1#1: host not found in upstream "php_wdpai" in /etc/nginx/conf.d/default.conf:12
2025/01/14 17:40:40 [emerg] 1#1: host not found in upstream "php_wdpai" in /etc/nginx/conf.d/default.conf:12
2025/01/14 17:41:49 [emerg] 1#1: host not found in upstream "php_wdpai" in /etc/nginx/conf.d/default.conf:12
2025/01/14 17:42:41 [emerg] 1#1: host not found in upstream "php_wdpai" in /etc/nginx/conf.d/default.conf:12
2025/01/14 17:49:53 [emerg] 1#1: host not found in upstream "php_wdpai" in /etc/nginx/conf.d/default.conf:12
2025/01/14 17:50:18 [emerg] 1#1: host not found in upstream "php_wdpai" in /etc/nginx/conf.d/default.conf:12
2025/01/14 17:51:00 [notice] 1#1: using the "epoll" event method
2025/01/14 17:51:00 [notice] 1#1: nginx/1.27.3
2025/01/14 17:51:00 [notice] 1#1: built by gcc 13.2.1 20240309 (Alpine 13.2.1_git20240309) 
2025/01/14 17:51:00 [notice] 1#1: OS: Linux 6.12.9-arch1-1
2025/01/14 17:51:00 [notice] 1#1: getrlimit(RLIMIT_NOFILE): 1024:524288
2025/01/14 17:51:00 [notice] 1#1: start worker processes
2025/01/14 17:51:00 [notice] 1#1: start worker process 29
2025/01/14 17:51:00 [notice] 1#1: start worker process 30
2025/01/14 17:51:00 [notice] 1#1: start worker process 31
2025/01/14 17:51:00 [notice] 1#1: start worker process 32
2025/01/14 17:53:23 [notice] 1#1: signal 3 (SIGQUIT) received, shutting down
2025/01/14 17:53:23 [notice] 32#32: gracefully shutting down
2025/01/14 17:53:23 [notice] 29#29: gracefully shutting down
2025/01/14 17:53:23 [notice] 32#32: exiting
2025/01/14 17:53:23 [notice] 29#29: exiting
2025/01/14 17:53:23 [notice] 32#32: exit
2025/01/14 17:53:23 [notice] 29#29: exit
2025/01/14 17:53:23 [notice] 30#30: gracefully shutting down
2025/01/14 17:53:23 [notice] 31#31: gracefully shutting down
2025/01/14 17:53:23 [notice] 30#30: exiting
2025/01/14 17:53:23 [notice] 31#31: exiting
2025/01/14 17:53:23 [notice] 30#30: exit
2025/01/14 17:53:23 [notice] 31#31: exit
2025/01/14 17:53:23 [notice] 1#1: signal 17 (SIGCHLD) received from 30
2025/01/14 17:53:23 [notice] 1#1: worker process 30 exited with code 0
2025/01/14 17:53:23 [notice] 1#1: worker process 31 exited with code 0
2025/01/14 17:53:23 [notice] 1#1: signal 29 (SIGIO) received
2025/01/14 17:53:23 [notice] 1#1: signal 17 (SIGCHLD) received from 32
2025/01/14 17:53:23 [notice] 1#1: worker process 32 exited with code 0
2025/01/14 17:53:23 [notice] 1#1: signal 29 (SIGIO) received
2025/01/14 17:53:23 [notice] 1#1: signal 17 (SIGCHLD) received from 29
2025/01/14 17:53:23 [notice] 1#1: worker process 29 exited with code 0
2025/01/14 17:53:23 [notice] 1#1: exit
2025/01/14 17:53:52 [notice] 1#1: using the "epoll" event method
2025/01/14 17:53:52 [notice] 1#1: nginx/1.27.3
2025/01/14 17:53:52 [notice] 1#1: built by gcc 13.2.1 20240309 (Alpine 13.2.1_git20240309) 
2025/01/14 17:53:52 [notice] 1#1: OS: Linux 6.12.9-arch1-1
2025/01/14 17:53:52 [notice] 1#1: getrlimit(RLIMIT_NOFILE): 1024:524288
2025/01/14 17:53:52 [notice] 1#1: start worker processes
2025/01/14 17:53:52 [notice] 1#1: start worker process 29
2025/01/14 17:53:52 [notice] 1#1: start worker process 30
2025/01/14 17:53:52 [notice] 1#1: start worker process 31
2025/01/14 17:53:52 [notice] 1#1: start worker process 32
2025/01/14 17:56:18 [notice] 1#1: signal 3 (SIGQUIT) received, shutting down
2025/01/14 17:56:18 [notice] 29#29: gracefully shutting down
2025/01/14 17:56:18 [notice] 31#31: gracefully shutting down
2025/01/14 17:56:18 [notice] 31#31: exiting
2025/01/14 17:56:18 [notice] 29#29: exiting
2025/01/14 17:56:18 [notice] 31#31: exit
2025/01/14 17:56:18 [notice] 29#29: exit
2025/01/14 17:56:18 [notice] 30#30: gracefully shutting down
2025/01/14 17:56:18 [notice] 30#30: exiting
2025/01/14 17:56:18 [notice] 30#30: exit
2025/01/14 17:56:18 [notice] 32#32: gracefully shutting down
2025/01/14 17:56:18 [notice] 32#32: exiting
2025/01/14 17:56:18 [notice] 32#32: exit
2025/01/14 17:56:18 [notice] 1#1: signal 17 (SIGCHLD) received from 30
2025/01/14 17:56:18 [notice] 1#1: worker process 30 exited with code 0
2025/01/14 17:56:18 [notice] 1#1: signal 29 (SIGIO) received
2025/01/14 17:56:18 [notice] 1#1: signal 17 (SIGCHLD) received from 32
2025/01/14 17:56:18 [notice] 1#1: worker process 31 exited with code 0
2025/01/14 17:56:18 [notice] 1#1: worker process 32 exited with code 0
2025/01/14 17:56:18 [notice] 1#1: signal 29 (SIGIO) received
2025/01/14 17:56:18 [notice] 1#1: signal 17 (SIGCHLD) received from 29
2025/01/14 17:56:18 [notice] 1#1: worker process 29 exited with code 0
2025/01/14 17:56:18 [notice] 1#1: exit
2025/01/14 17:56:49 [notice] 1#1: using the "epoll" event method
2025/01/14 17:56:49 [notice] 1#1: nginx/1.27.3
2025/01/14 17:56:49 [notice] 1#1: built by gcc 13.2.1 20240309 (Alpine 13.2.1_git20240309) 
2025/01/14 17:56:49 [notice] 1#1: OS: Linux 6.12.9-arch1-1
2025/01/14 17:56:49 [notice] 1#1: getrlimit(RLIMIT_NOFILE): 1024:524288
2025/01/14 17:56:49 [notice] 1#1: start worker processes
2025/01/14 17:56:49 [notice] 1#1: start worker process 29
2025/01/14 17:56:49 [notice] 1#1: start worker process 30
2025/01/14 17:56:49 [notice] 1#1: start worker process 31
2025/01/14 17:56:49 [notice] 1#1: start worker process 32
2025/01/14 17:58:27 [notice] 1#1: signal 3 (SIGQUIT) received, shutting down
2025/01/14 17:58:27 [notice] 29#29: gracefully shutting down
2025/01/14 17:58:27 [notice] 31#31: gracefully shutting down
2025/01/14 17:58:27 [notice] 29#29: exiting
2025/01/14 17:58:27 [notice] 31#31: exiting
2025/01/14 17:58:27 [notice] 31#31: exit
2025/01/14 17:58:27 [notice] 29#29: exit
2025/01/14 17:58:27 [notice] 30#30: gracefully shutting down
2025/01/14 17:58:27 [notice] 30#30: exiting
2025/01/14 17:58:27 [notice] 32#32: gracefully shutting down
2025/01/14 17:58:27 [notice] 32#32: exiting
2025/01/14 17:58:27 [notice] 30#30: exit
2025/01/14 17:58:27 [notice] 32#32: exit
2025/01/14 17:58:27 [notice] 1#1: signal 17 (SIGCHLD) received from 30
2025/01/14 17:58:27 [notice] 1#1: worker process 30 exited with code 0
2025/01/14 17:58:27 [notice] 1#1: signal 29 (SIGIO) received
2025/01/14 17:58:27 [notice] 1#1: signal 17 (SIGCHLD) received from 31
2025/01/14 17:58:27 [notice] 1#1: worker process 31 exited with code 0
2025/01/14 17:58:27 [notice] 1#1: worker process 32 exited with code 0
2025/01/14 17:58:27 [notice] 1#1: signal 29 (SIGIO) received
2025/01/14 17:58:27 [notice] 1#1: signal 17 (SIGCHLD) received from 29
2025/01/14 17:58:27 [notice] 1#1: worker process 29 exited with code 0
2025/01/14 17:58:27 [notice] 1#1: exit
2025/01/14 17:58:41 [notice] 1#1: using the "epoll" event method
2025/01/14 17:58:41 [notice] 1#1: nginx/1.27.3
2025/01/14 17:58:41 [notice] 1#1: built by gcc 13.2.1 20240309 (Alpine 13.2.1_git20240309) 
2025/01/14 17:58:41 [notice] 1#1: OS: Linux 6.12.9-arch1-1
2025/01/14 17:58:41 [notice] 1#1: getrlimit(RLIMIT_NOFILE): 1024:524288
2025/01/14 17:58:41 [notice] 1#1: start worker processes
2025/01/14 17:58:41 [notice] 1#1: start worker process 29
2025/01/14 17:58:41 [notice] 1#1: start worker process 30
2025/01/14 17:58:41 [notice] 1#1: start worker process 31
2025/01/14 17:58:41 [notice] 1#1: start worker process 32
2025/01/14 18:16:03 [notice] 1#1: signal 3 (SIGQUIT) received, shutting down
2025/01/14 18:16:03 [notice] 29#29: gracefully shutting down
2025/01/14 18:16:03 [notice] 30#30: gracefully shutting down
2025/01/14 18:16:03 [notice] 30#30: exiting
2025/01/14 18:16:03 [notice] 29#29: exiting
2025/01/14 18:16:03 [notice] 30#30: exit
2025/01/14 18:16:03 [notice] 29#29: exit
2025/01/14 18:16:03 [notice] 31#31: gracefully shutting down
2025/01/14 18:16:03 [notice] 32#32: gracefully shutting down
2025/01/14 18:16:03 [notice] 32#32: exiting
2025/01/14 18:16:03 [notice] 32#32: exit
2025/01/14 18:16:03 [notice] 31#31: exiting
2025/01/14 18:16:03 [notice] 31#31: exit
2025/01/14 18:16:03 [notice] 1#1: signal 17 (SIGCHLD) received from 32
2025/01/14 18:16:03 [notice] 1#1: worker process 29 exited with code 0
2025/01/14 18:16:03 [notice] 1#1: worker process 30 exited with code 0
2025/01/14 18:16:03 [notice] 1#1: worker process 32 exited with code 0
2025/01/14 18:16:03 [notice] 1#1: signal 29 (SIGIO) received
2025/01/14 18:16:03 [notice] 1#1: signal 17 (SIGCHLD) received from 31
2025/01/14 18:16:03 [notice] 1#1: worker process 31 exited with code 0
2025/01/14 18:16:03 [notice] 1#1: exit
2025/01/14 18:16:36 [notice] 1#1: using the "epoll" event method
2025/01/14 18:16:36 [notice] 1#1: nginx/1.27.3
2025/01/14 18:16:36 [notice] 1#1: built by gcc 13.2.1 20240309 (Alpine 13.2.1_git20240309) 
2025/01/14 18:16:36 [notice] 1#1: OS: Linux 6.12.9-arch1-1
2025/01/14 18:16:36 [notice] 1#1: getrlimit(RLIMIT_NOFILE): 1024:524288
2025/01/14 18:16:36 [notice] 1#1: start worker processes
2025/01/14 18:16:36 [notice] 1#1: start worker process 29
2025/01/14 18:16:36 [notice] 1#1: start worker process 30
2025/01/14 18:16:36 [notice] 1#1: start worker process 31
2025/01/14 18:16:36 [notice] 1#1: start worker process 32
2025/01/14 18:31:09 [notice] 1#1: signal 3 (SIGQUIT) received, shutting down
2025/01/14 18:31:09 [notice] 29#29: gracefully shutting down
2025/01/14 18:31:09 [notice] 30#30: gracefully shutting down
2025/01/14 18:31:09 [notice] 29#29: exiting
2025/01/14 18:31:09 [notice] 30#30: exiting
2025/01/14 18:31:09 [notice] 31#31: gracefully shutting down
2025/01/14 18:31:09 [notice] 31#31: exiting
2025/01/14 18:31:09 [notice] 29#29: exit
2025/01/14 18:31:09 [notice] 30#30: exit
2025/01/14 18:31:09 [notice] 31#31: exit
2025/01/14 18:31:09 [notice] 32#32: gracefully shutting down
2025/01/14 18:31:09 [notice] 32#32: exiting
2025/01/14 18:31:09 [notice] 32#32: exit
2025/01/14 18:31:09 [notice] 1#1: signal 17 (SIGCHLD) received from 30
2025/01/14 18:31:09 [notice] 1#1: worker process 30 exited with code 0
2025/01/14 18:31:09 [notice] 1#1: worker process 31 exited with code 0
2025/01/14 18:31:09 [notice] 1#1: worker process 32 exited with code 0
2025/01/14 18:31:09 [notice] 1#1: signal 29 (SIGIO) received
2025/01/14 18:31:09 [notice] 1#1: signal 17 (SIGCHLD) received from 29
2025/01/14 18:31:09 [notice] 1#1: worker process 29 exited with code 0
2025/01/14 18:31:09 [notice] 1#1: exit
2025/01/14 18:31:38 [notice] 1#1: using the "epoll" event method
2025/01/14 18:31:38 [notice] 1#1: nginx/1.27.3
2025/01/14 18:31:38 [notice] 1#1: built by gcc 13.2.1 20240309 (Alpine 13.2.1_git20240309) 
2025/01/14 18:31:38 [notice] 1#1: OS: Linux 6.12.9-arch1-1
2025/01/14 18:31:38 [notice] 1#1: getrlimit(RLIMIT_NOFILE): 1024:524288
2025/01/14 18:31:38 [notice] 1#1: start worker processes
2025/01/14 18:31:38 [notice] 1#1: start worker process 29
2025/01/14 18:31:38 [notice] 1#1: start worker process 30
2025/01/14 18:31:38 [notice] 1#1: start worker process 31
2025/01/14 18:31:38 [notice] 1#1: start worker process 32
2025/01/14 18:36:28 [notice] 1#1: signal 3 (SIGQUIT) received, shutting down
2025/01/14 18:36:28 [notice] 29#29: gracefully shutting down
2025/01/14 18:36:28 [notice] 32#32: gracefully shutting down
2025/01/14 18:36:28 [notice] 29#29: exiting
2025/01/14 18:36:28 [notice] 32#32: exiting
2025/01/14 18:36:28 [notice] 31#31: gracefully shutting down
2025/01/14 18:36:28 [notice] 32#32: exit
2025/01/14 18:36:28 [notice] 31#31: exiting
2025/01/14 18:36:28 [notice] 29#29: exit
2025/01/14 18:36:28 [notice] 31#31: exit
2025/01/14 18:36:28 [notice] 30#30: gracefully shutting down
2025/01/14 18:36:28 [notice] 30#30: exiting
2025/01/14 18:36:28 [notice] 30#30: exit
2025/01/14 18:36:28 [notice] 1#1: signal 17 (SIGCHLD) received from 32
2025/01/14 18:36:28 [notice] 1#1: worker process 30 exited with code 0
2025/01/14 18:36:28 [notice] 1#1: worker process 32 exited with code 0
2025/01/14 18:36:28 [notice] 1#1: signal 29 (SIGIO) received
2025/01/14 18:36:28 [notice] 1#1: signal 17 (SIGCHLD) received from 31
2025/01/14 18:36:28 [notice] 1#1: worker process 29 exited with code 0
2025/01/14 18:36:28 [notice] 1#1: worker process 31 exited with code 0
2025/01/14 18:36:28 [notice] 1#1: exit
2025/01/14 18:36:58 [emerg] 1#1: invalid number of arguments in "sendfile" directive in /etc/nginx/conf.d/default.conf:4
2025/01/14 18:40:33 [notice] 1#1: using the "epoll" event method
2025/01/14 18:40:33 [notice] 1#1: nginx/1.27.3
2025/01/14 18:40:33 [notice] 1#1: built by gcc 13.2.1 20240309 (Alpine 13.2.1_git20240309) 
2025/01/14 18:40:33 [notice] 1#1: OS: Linux 6.12.9-arch1-1
2025/01/14 18:40:33 [notice] 1#1: getrlimit(RLIMIT_NOFILE): 1024:524288
2025/01/14 18:40:33 [notice] 1#1: start worker processes
2025/01/14 18:40:33 [notice] 1#1: start worker process 29
2025/01/14 18:40:33 [notice] 1#1: start worker process 30
2025/01/14 18:40:33 [notice] 1#1: start worker process 31
2025/01/14 18:40:33 [notice] 1#1: start worker process 32
2025/01/14 18:40:57 [notice] 1#1: signal 3 (SIGQUIT) received, shutting down
2025/01/14 18:40:57 [notice] 29#29: gracefully shutting down
2025/01/14 18:40:57 [notice] 29#29: exiting
2025/01/14 18:40:57 [notice] 30#30: gracefully shutting down
2025/01/14 18:40:57 [notice] 31#31: gracefully shutting down
2025/01/14 18:40:57 [notice] 31#31: exiting
2025/01/14 18:40:57 [notice] 30#30: exiting
2025/01/14 18:40:57 [notice] 29#29: exit
2025/01/14 18:40:57 [notice] 30#30: exit
2025/01/14 18:40:57 [notice] 31#31: exit
2025/01/14 18:40:57 [notice] 32#32: gracefully shutting down
2025/01/14 18:40:57 [notice] 32#32: exiting
2025/01/14 18:40:57 [notice] 32#32: exit
2025/01/14 18:40:57 [notice] 1#1: signal 17 (SIGCHLD) received from 31
2025/01/14 18:40:57 [notice] 1#1: worker process 31 exited with code 0
2025/01/14 18:40:57 [notice] 1#1: signal 29 (SIGIO) received
2025/01/14 18:40:57 [notice] 1#1: signal 17 (SIGCHLD) received from 32
2025/01/14 18:40:57 [notice] 1#1: worker process 29 exited with code 0
2025/01/14 18:40:57 [notice] 1#1: worker process 30 exited with code 0
2025/01/14 18:40:57 [notice] 1#1: worker process 32 exited with code 0
2025/01/14 18:40:57 [notice] 1#1: exit
2025/01/14 18:41:28 [notice] 1#1: using the "epoll" event method
2025/01/14 18:41:28 [notice] 1#1: nginx/1.27.3
2025/01/14 18:41:28 [notice] 1#1: built by gcc 13.2.1 20240309 (Alpine 13.2.1_git20240309) 
2025/01/14 18:41:28 [notice] 1#1: OS: Linux 6.12.9-arch1-1
2025/01/14 18:41:28 [notice] 1#1: getrlimit(RLIMIT_NOFILE): 1024:524288
2025/01/14 18:41:28 [notice] 1#1: start worker processes
2025/01/14 18:41:28 [notice] 1#1: start worker process 30
2025/01/14 18:41:28 [notice] 1#1: start worker process 31
2025/01/14 18:41:28 [notice] 1#1: start worker process 32
2025/01/14 18:41:28 [notice] 1#1: start worker process 33
2025/01/14 18:43:25 [notice] 1#1: signal 3 (SIGQUIT) received, shutting down
2025/01/14 18:43:25 [notice] 30#30: gracefully shutting down
2025/01/14 18:43:25 [notice] 30#30: exiting
2025/01/14 18:43:25 [notice] 31#31: gracefully shutting down
2025/01/14 18:43:25 [notice] 30#30: exit
2025/01/14 18:43:25 [notice] 31#31: exiting
2025/01/14 18:43:25 [notice] 32#32: gracefully shutting down
2025/01/14 18:43:25 [notice] 32#32: exiting
2025/01/14 18:43:25 [notice] 31#31: exit
2025/01/14 18:43:25 [notice] 33#33: gracefully shutting down
2025/01/14 18:43:25 [notice] 33#33: exiting
2025/01/14 18:43:25 [notice] 32#32: exit
2025/01/14 18:43:25 [notice] 33#33: exit
2025/01/14 18:43:25 [notice] 1#1: signal 17 (SIGCHLD) received from 32
2025/01/14 18:43:25 [notice] 1#1: worker process 30 exited with code 0
2025/01/14 18:43:25 [notice] 1#1: worker process 32 exited with code 0
2025/01/14 18:43:25 [notice] 1#1: worker process 33 exited with code 0
2025/01/14 18:43:25 [notice] 1#1: signal 29 (SIGIO) received
2025/01/14 18:43:25 [notice] 1#1: signal 17 (SIGCHLD) received from 31
2025/01/14 18:43:25 [notice] 1#1: worker process 31 exited with code 0
2025/01/14 18:43:25 [notice] 1#1: exit
2025/01/14 18:43:53 [notice] 1#1: using the "epoll" event method
2025/01/14 18:43:53 [notice] 1#1: nginx/1.27.3
2025/01/14 18:43:53 [notice] 1#1: built by gcc 13.2.1 20240309 (Alpine 13.2.1_git20240309) 
2025/01/14 18:43:53 [notice] 1#1: OS: Linux 6.12.9-arch1-1
2025/01/14 18:43:53 [notice] 1#1: getrlimit(RLIMIT_NOFILE): 1024:524288
2025/01/14 18:43:53 [notice] 1#1: start worker processes
2025/01/14 18:43:53 [notice] 1#1: start worker process 29
2025/01/14 18:43:53 [notice] 1#1: start worker process 30
2025/01/14 18:43:53 [notice] 1#1: start worker process 31
2025/01/14 18:43:53 [notice] 1#1: start worker process 32
2025/01/14 18:48:04 [notice] 1#1: signal 1 (SIGHUP) received from 33, reconfiguring
2025/01/14 18:48:04 [notice] 1#1: reconfiguring
2025/01/14 18:48:04 [emerg] 1#1: mkdir() "/var/cache/nginx/client_temp" failed (2: No such file or directory)
2025/01/14 18:58:55 [notice] 1#1: signal 3 (SIGQUIT) received, shutting down
2025/01/14 18:58:55 [notice] 29#29: gracefully shutting down
2025/01/14 18:58:55 [notice] 31#31: gracefully shutting down
2025/01/14 18:58:55 [notice] 30#30: gracefully shutting down
2025/01/14 18:58:55 [notice] 29#29: exiting
2025/01/14 18:58:55 [notice] 31#31: exiting
2025/01/14 18:58:55 [notice] 30#30: exiting
2025/01/14 18:58:55 [notice] 29#29: exit
2025/01/14 18:58:55 [notice] 30#30: exit
2025/01/14 18:58:55 [notice] 32#32: gracefully shutting down
2025/01/14 18:58:55 [notice] 32#32: exiting
2025/01/14 18:58:55 [notice] 32#32: exit
2025/01/14 18:58:55 [notice] 31#31: exit
2025/01/14 18:58:55 [notice] 1#1: signal 17 (SIGCHLD) received from 31
2025/01/14 18:58:55 [notice] 1#1: worker process 29 exited with code 0
2025/01/14 18:58:55 [notice] 1#1: worker process 30 exited with code 0
2025/01/14 18:58:55 [notice] 1#1: worker process 31 exited with code 0
2025/01/14 18:58:55 [notice] 1#1: signal 29 (SIGIO) received
2025/01/14 18:58:55 [notice] 1#1: signal 17 (SIGCHLD) received from 32
2025/01/14 18:58:55 [notice] 1#1: worker process 32 exited with code 0
2025/01/14 18:58:55 [notice] 1#1: exit
2025/01/14 18:59:23 [notice] 1#1: using the "epoll" event method
2025/01/14 18:59:23 [notice] 1#1: nginx/1.27.3
2025/01/14 18:59:23 [notice] 1#1: built by gcc 13.2.1 20240309 (Alpine 13.2.1_git20240309) 
2025/01/14 18:59:23 [notice] 1#1: OS: Linux 6.12.9-arch1-1
2025/01/14 18:59:23 [notice] 1#1: getrlimit(RLIMIT_NOFILE): 1024:524288
2025/01/14 18:59:23 [notice] 1#1: start worker processes
2025/01/14 18:59:23 [notice] 1#1: start worker process 29
2025/01/14 18:59:23 [notice] 1#1: start worker process 30
2025/01/14 18:59:23 [notice] 1#1: start worker process 31
2025/01/14 18:59:23 [notice] 1#1: start worker process 32
2025/01/14 20:24:19 [notice] 1#1: signal 3 (SIGQUIT) received, shutting down
2025/01/14 20:24:19 [notice] 30#30: gracefully shutting down
2025/01/14 20:24:19 [notice] 29#29: gracefully shutting down
2025/01/14 20:24:19 [notice] 30#30: exiting
2025/01/14 20:24:19 [notice] 29#29: exiting
2025/01/14 20:24:19 [notice] 31#31: gracefully shutting down
2025/01/14 20:24:19 [notice] 31#31: exiting
2025/01/14 20:24:19 [notice] 30#30: exit
2025/01/14 20:24:19 [notice] 31#31: exit
2025/01/14 20:24:19 [notice] 29#29: exit
2025/01/14 20:24:19 [notice] 32#32: gracefully shutting down
2025/01/14 20:24:19 [notice] 32#32: exiting
2025/01/14 20:24:19 [notice] 32#32: exit
2025/01/14 20:24:19 [notice] 1#1: signal 17 (SIGCHLD) received from 30
2025/01/14 20:24:19 [notice] 1#1: worker process 30 exited with code 0
2025/01/14 20:24:19 [notice] 1#1: signal 29 (SIGIO) received
2025/01/14 20:24:19 [notice] 1#1: signal 17 (SIGCHLD) received from 29
2025/01/14 20:24:19 [notice] 1#1: worker process 29 exited with code 0
2025/01/14 20:24:19 [notice] 1#1: worker process 31 exited with code 0
2025/01/14 20:24:19 [notice] 1#1: worker process 32 exited with code 0
2025/01/14 20:24:19 [notice] 1#1: exit
2025/01/14 20:33:39 [notice] 1#1: using the "epoll" event method
2025/01/14 20:33:39 [notice] 1#1: nginx/1.27.3
2025/01/14 20:33:39 [notice] 1#1: built by gcc 13.2.1 20240309 (Alpine 13.2.1_git20240309) 
2025/01/14 20:33:39 [notice] 1#1: OS: Linux 6.12.9-arch1-1
2025/01/14 20:33:39 [notice] 1#1: getrlimit(RLIMIT_NOFILE): 1024:524288
2025/01/14 20:33:39 [notice] 1#1: start worker processes
2025/01/14 20:33:39 [notice] 1#1: start worker process 30
2025/01/14 20:33:39 [notice] 1#1: start worker process 31
2025/01/14 20:33:39 [notice] 1#1: start worker process 32
2025/01/14 20:33:39 [notice] 1#1: start worker process 33
2025/01/14 20:38:25 [notice] 1#1: signal 3 (SIGQUIT) received, shutting down
2025/01/14 20:38:25 [notice] 30#30: gracefully shutting down
2025/01/14 20:38:25 [notice] 31#31: gracefully shutting down
2025/01/14 20:38:25 [notice] 30#30: exiting
2025/01/14 20:38:25 [notice] 31#31: exiting
2025/01/14 20:38:25 [notice] 30#30: exit
2025/01/14 20:38:25 [notice] 32#32: gracefully shutting down
2025/01/14 20:38:25 [notice] 32#32: exiting
2025/01/14 20:38:25 [notice] 33#33: gracefully shutting down
2025/01/14 20:38:25 [notice] 33#33: exiting
2025/01/14 20:38:25 [notice] 33#33: exit
2025/01/14 20:38:25 [notice] 32#32: exit
2025/01/14 20:38:25 [notice] 31#31: exit
2025/01/14 20:38:25 [notice] 1#1: signal 17 (SIGCHLD) received from 32
2025/01/14 20:38:25 [notice] 1#1: worker process 32 exited with code 0
2025/01/14 20:38:25 [notice] 1#1: signal 29 (SIGIO) received
2025/01/14 20:38:25 [notice] 1#1: signal 17 (SIGCHLD) received from 30
2025/01/14 20:38:25 [notice] 1#1: worker process 30 exited with code 0
2025/01/14 20:38:25 [notice] 1#1: signal 29 (SIGIO) received
2025/01/14 20:38:25 [notice] 1#1: signal 17 (SIGCHLD) received from 33
2025/01/14 20:38:25 [notice] 1#1: worker process 33 exited with code 0
2025/01/14 20:38:25 [notice] 1#1: signal 29 (SIGIO) received
2025/01/14 20:38:25 [notice] 1#1: signal 17 (SIGCHLD) received from 31
2025/01/14 20:38:25 [notice] 1#1: worker process 31 exited with code 0
2025/01/14 20:38:25 [notice] 1#1: exit
2025/01/14 20:44:14 [notice] 1#1: using the "epoll" event method
2025/01/14 20:44:14 [notice] 1#1: nginx/1.27.3
2025/01/14 20:44:14 [notice] 1#1: built by gcc 13.2.1 20240309 (Alpine 13.2.1_git20240309) 
2025/01/14 20:44:14 [notice] 1#1: OS: Linux 6.12.9-arch1-1
2025/01/14 20:44:14 [notice] 1#1: getrlimit(RLIMIT_NOFILE): 1024:524288
2025/01/14 20:44:14 [notice] 1#1: start worker processes
2025/01/14 20:44:14 [notice] 1#1: start worker process 29
2025/01/14 20:44:14 [notice] 1#1: start worker process 30
2025/01/14 20:44:14 [notice] 1#1: start worker process 31
2025/01/14 20:44:14 [notice] 1#1: start worker process 32
2025/01/14 20:45:20 [notice] 1#1: signal 3 (SIGQUIT) received, shutting down
2025/01/14 20:45:20 [notice] 32#32: gracefully shutting down
2025/01/14 20:45:20 [notice] 31#31: gracefully shutting down
2025/01/14 20:45:20 [notice] 29#29: gracefully shutting down
2025/01/14 20:45:20 [notice] 31#31: exiting
2025/01/14 20:45:20 [notice] 29#29: exiting
2025/01/14 20:45:20 [notice] 30#30: gracefully shutting down
2025/01/14 20:45:20 [notice] 30#30: exiting
2025/01/14 20:45:20 [notice] 29#29: exit
2025/01/14 20:45:20 [notice] 30#30: exit
2025/01/14 20:45:20 [notice] 31#31: exit
2025/01/14 20:45:20 [notice] 32#32: exiting
2025/01/14 20:45:20 [notice] 32#32: exit
2025/01/14 20:45:20 [notice] 1#1: signal 17 (SIGCHLD) received from 32
2025/01/14 20:45:20 [notice] 1#1: worker process 29 exited with code 0
2025/01/14 20:45:20 [notice] 1#1: worker process 31 exited with code 0
2025/01/14 20:45:20 [notice] 1#1: worker process 32 exited with code 0
2025/01/14 20:45:20 [notice] 1#1: signal 29 (SIGIO) received
2025/01/14 20:45:20 [notice] 1#1: signal 17 (SIGCHLD) received from 30
2025/01/14 20:45:20 [notice] 1#1: worker process 30 exited with code 0
2025/01/14 20:45:20 [notice] 1#1: exit
2025/01/14 20:46:08 [notice] 1#1: using the "epoll" event method
2025/01/14 20:46:08 [notice] 1#1: nginx/1.27.3
2025/01/14 20:46:08 [notice] 1#1: built by gcc 13.2.1 20240309 (Alpine 13.2.1_git20240309) 
2025/01/14 20:46:08 [notice] 1#1: OS: Linux 6.12.9-arch1-1
2025/01/14 20:46:08 [notice] 1#1: getrlimit(RLIMIT_NOFILE): 1024:524288
2025/01/14 20:46:08 [notice] 1#1: start worker processes
2025/01/14 20:46:08 [notice] 1#1: start worker process 28
2025/01/14 20:46:08 [notice] 1#1: start worker process 29
2025/01/14 20:46:08 [notice] 1#1: start worker process 30
2025/01/14 20:46:08 [notice] 1#1: start worker process 31
2025/01/14 20:46:31 [notice] 1#1: signal 3 (SIGQUIT) received, shutting down
2025/01/14 20:46:31 [notice] 28#28: gracefully shutting down
2025/01/14 20:46:31 [notice] 30#30: gracefully shutting down
2025/01/14 20:46:31 [notice] 31#31: gracefully shutting down
2025/01/14 20:46:31 [notice] 29#29: gracefully shutting down
2025/01/14 20:46:31 [notice] 30#30: exiting
2025/01/14 20:46:31 [notice] 31#31: exiting
2025/01/14 20:46:31 [notice] 29#29: exiting
2025/01/14 20:46:31 [notice] 30#30: exit
2025/01/14 20:46:31 [notice] 31#31: exit
2025/01/14 20:46:31 [notice] 29#29: exit
2025/01/14 20:46:31 [notice] 28#28: exiting
2025/01/14 20:46:31 [notice] 28#28: exit
2025/01/14 20:46:31 [notice] 1#1: signal 17 (SIGCHLD) received from 30
2025/01/14 20:46:31 [notice] 1#1: worker process 30 exited with code 0
2025/01/14 20:46:31 [notice] 1#1: worker process 31 exited with code 0
2025/01/14 20:46:31 [notice] 1#1: signal 29 (SIGIO) received
2025/01/14 20:46:31 [notice] 1#1: signal 17 (SIGCHLD) received from 29
2025/01/14 20:46:31 [notice] 1#1: worker process 29 exited with code 0
2025/01/14 20:46:31 [notice] 1#1: signal 29 (SIGIO) received
2025/01/14 20:46:31 [notice] 1#1: signal 17 (SIGCHLD) received from 28
2025/01/14 20:46:31 [notice] 1#1: worker process 28 exited with code 0
2025/01/14 20:46:31 [notice] 1#1: exit
2025/01/14 20:47:00 [notice] 1#1: using the "epoll" event method
2025/01/14 20:47:00 [notice] 1#1: nginx/1.27.3
2025/01/14 20:47:00 [notice] 1#1: built by gcc 13.2.1 20240309 (Alpine 13.2.1_git20240309) 
2025/01/14 20:47:00 [notice] 1#1: OS: Linux 6.12.9-arch1-1
2025/01/14 20:47:00 [notice] 1#1: getrlimit(RLIMIT_NOFILE): 1024:524288
2025/01/14 20:47:00 [notice] 1#1: start worker processes
2025/01/14 20:47:00 [notice] 1#1: start worker process 29
2025/01/14 20:47:00 [notice] 1#1: start worker process 30
2025/01/14 20:47:00 [notice] 1#1: start worker process 31
2025/01/14 20:47:00 [notice] 1#1: start worker process 32
2025/01/14 20:49:57 [notice] 1#1: signal 3 (SIGQUIT) received, shutting down
2025/01/14 20:49:57 [notice] 29#29: gracefully shutting down
2025/01/14 20:49:57 [notice] 29#29: exiting
2025/01/14 20:49:57 [notice] 30#30: gracefully shutting down
2025/01/14 20:49:57 [notice] 30#30: exiting
2025/01/14 20:49:57 [notice] 31#31: gracefully shutting down
2025/01/14 20:49:57 [notice] 31#31: exiting
2025/01/14 20:49:57 [notice] 29#29: exit
2025/01/14 20:49:57 [notice] 30#30: exit
2025/01/14 20:49:57 [notice] 31#31: exit
2025/01/14 20:49:57 [notice] 32#32: gracefully shutting down
2025/01/14 20:49:57 [notice] 32#32: exiting
2025/01/14 20:49:57 [notice] 32#32: exit
2025/01/14 20:49:57 [notice] 1#1: signal 17 (SIGCHLD) received from 32
2025/01/14 20:49:57 [notice] 1#1: worker process 32 exited with code 0
2025/01/14 20:49:57 [notice] 1#1: signal 29 (SIGIO) received
2025/01/14 20:49:57 [notice] 1#1: signal 17 (SIGCHLD) received from 30
2025/01/14 20:49:57 [notice] 1#1: worker process 30 exited with code 0
2025/01/14 20:49:57 [notice] 1#1: signal 29 (SIGIO) received
2025/01/14 20:49:57 [notice] 1#1: signal 17 (SIGCHLD) received from 31
2025/01/14 20:49:57 [notice] 1#1: worker process 31 exited with code 0
2025/01/14 20:49:57 [notice] 1#1: signal 29 (SIGIO) received
2025/01/14 20:49:57 [notice] 1#1: signal 17 (SIGCHLD) received from 29
2025/01/14 20:49:57 [notice] 1#1: worker process 29 exited with code 0
2025/01/14 20:49:57 [notice] 1#1: exit
2025/01/14 20:50:26 [notice] 1#1: using the "epoll" event method
2025/01/14 20:50:26 [notice] 1#1: nginx/1.27.3
2025/01/14 20:50:26 [notice] 1#1: built by gcc 13.2.1 20240309 (Alpine 13.2.1_git20240309) 
2025/01/14 20:50:26 [notice] 1#1: OS: Linux 6.12.9-arch1-1
2025/01/14 20:50:26 [notice] 1#1: getrlimit(RLIMIT_NOFILE): 1024:524288
2025/01/14 20:50:26 [notice] 1#1: start worker processes
2025/01/14 20:50:26 [notice] 1#1: start worker process 29
2025/01/14 20:50:26 [notice] 1#1: start worker process 30
2025/01/14 20:50:26 [notice] 1#1: start worker process 31
2025/01/14 20:50:26 [notice] 1#1: start worker process 32
2025/01/14 20:52:49 [notice] 1#1: signal 3 (SIGQUIT) received, shutting down
2025/01/14 20:52:49 [notice] 29#29: gracefully shutting down
2025/01/14 20:52:49 [notice] 31#31: gracefully shutting down
2025/01/14 20:52:49 [notice] 29#29: exiting
2025/01/14 20:52:49 [notice] 31#31: exiting
2025/01/14 20:52:49 [notice] 32#32: gracefully shutting down
2025/01/14 20:52:49 [notice] 32#32: exiting
2025/01/14 20:52:49 [notice] 29#29: exit
2025/01/14 20:52:49 [notice] 31#31: exit
2025/01/14 20:52:49 [notice] 32#32: exit
2025/01/14 20:52:49 [notice] 30#30: gracefully shutting down
2025/01/14 20:52:49 [notice] 30#30: exiting
2025/01/14 20:52:49 [notice] 30#30: exit
2025/01/14 20:52:49 [notice] 1#1: signal 17 (SIGCHLD) received from 31
2025/01/14 20:52:49 [notice] 1#1: worker process 30 exited with code 0
2025/01/14 20:52:49 [notice] 1#1: worker process 31 exited with code 0
2025/01/14 20:52:49 [notice] 1#1: signal 29 (SIGIO) received
2025/01/14 20:52:49 [notice] 1#1: signal 17 (SIGCHLD) received from 29
2025/01/14 20:52:49 [notice] 1#1: worker process 29 exited with code 0
2025/01/14 20:52:49 [notice] 1#1: worker process 32 exited with code 0
2025/01/14 20:52:49 [notice] 1#1: exit
2025/01/14 20:53:49 [notice] 1#1: using the "epoll" event method
2025/01/14 20:53:49 [notice] 1#1: nginx/1.27.3
2025/01/14 20:53:49 [notice] 1#1: built by gcc 13.2.1 20240309 (Alpine 13.2.1_git20240309) 
2025/01/14 20:53:49 [notice] 1#1: OS: Linux 6.12.9-arch1-1
2025/01/14 20:53:49 [notice] 1#1: getrlimit(RLIMIT_NOFILE): 1024:524288
2025/01/14 20:53:49 [notice] 1#1: start worker processes
2025/01/14 20:53:49 [notice] 1#1: start worker process 29
2025/01/14 20:53:49 [notice] 1#1: start worker process 30
2025/01/14 20:53:49 [notice] 1#1: start worker process 31
2025/01/14 20:53:49 [notice] 1#1: start worker process 32
2025/01/14 20:55:53 [notice] 1#1: signal 3 (SIGQUIT) received, shutting down
2025/01/14 20:55:53 [notice] 29#29: gracefully shutting down
2025/01/14 20:55:53 [notice] 31#31: gracefully shutting down
2025/01/14 20:55:53 [notice] 30#30: gracefully shutting down
2025/01/14 20:55:53 [notice] 29#29: exiting
2025/01/14 20:55:53 [notice] 31#31: exiting
2025/01/14 20:55:53 [notice] 30#30: exiting
2025/01/14 20:55:53 [notice] 29#29: exit
2025/01/14 20:55:53 [notice] 31#31: exit
2025/01/14 20:55:53 [notice] 30#30: exit
2025/01/14 20:55:53 [notice] 32#32: gracefully shutting down
2025/01/14 20:55:53 [notice] 32#32: exiting
2025/01/14 20:55:53 [notice] 32#32: exit
2025/01/14 20:55:53 [notice] 1#1: signal 17 (SIGCHLD) received from 29
2025/01/14 20:55:53 [notice] 1#1: worker process 29 exited with code 0
2025/01/14 20:55:53 [notice] 1#1: worker process 30 exited with code 0
2025/01/14 20:55:53 [notice] 1#1: worker process 31 exited with code 0
2025/01/14 20:55:53 [notice] 1#1: worker process 32 exited with code 0
2025/01/14 20:55:53 [notice] 1#1: exit
2025/01/14 21:01:13 [notice] 1#1: using the "epoll" event method
2025/01/14 21:01:13 [notice] 1#1: nginx/1.27.3
2025/01/14 21:01:13 [notice] 1#1: built by gcc 13.2.1 20240309 (Alpine 13.2.1_git20240309) 
2025/01/14 21:01:13 [notice] 1#1: OS: Linux 6.12.9-arch1-1
2025/01/14 21:01:13 [notice] 1#1: getrlimit(RLIMIT_NOFILE): 1024:524288
2025/01/14 21:01:13 [notice] 1#1: start worker processes
2025/01/14 21:01:13 [notice] 1#1: start worker process 29
2025/01/14 21:01:13 [notice] 1#1: start worker process 30
2025/01/14 21:01:13 [notice] 1#1: start worker process 31
2025/01/14 21:01:13 [notice] 1#1: start worker process 32
2025/01/14 21:04:41 [notice] 1#1: signal 3 (SIGQUIT) received, shutting down
2025/01/14 21:04:41 [notice] 29#29: gracefully shutting down
2025/01/14 21:04:41 [notice] 30#30: gracefully shutting down
2025/01/14 21:04:41 [notice] 29#29: exiting
2025/01/14 21:04:41 [notice] 30#30: exiting
2025/01/14 21:04:41 [notice] 31#31: gracefully shutting down
2025/01/14 21:04:41 [notice] 31#31: exiting
2025/01/14 21:04:41 [notice] 29#29: exit
2025/01/14 21:04:41 [notice] 30#30: exit
2025/01/14 21:04:41 [notice] 31#31: exit
2025/01/14 21:04:41 [notice] 32#32: gracefully shutting down
2025/01/14 21:04:41 [notice] 32#32: exiting
2025/01/14 21:04:41 [notice] 32#32: exit
2025/01/14 21:04:41 [notice] 1#1: signal 17 (SIGCHLD) received from 30
2025/01/14 21:04:41 [notice] 1#1: worker process 30 exited with code 0
2025/01/14 21:04:41 [notice] 1#1: signal 29 (SIGIO) received
2025/01/14 21:04:41 [notice] 1#1: signal 17 (SIGCHLD) received from 29
2025/01/14 21:04:41 [notice] 1#1: worker process 29 exited with code 0
2025/01/14 21:04:41 [notice] 1#1: worker process 31 exited with code 0
2025/01/14 21:04:41 [notice] 1#1: worker process 32 exited with code 0
2025/01/14 21:04:41 [notice] 1#1: exit
2025/01/14 21:04:53 [notice] 1#1: using the "epoll" event method
2025/01/14 21:04:53 [notice] 1#1: nginx/1.27.3
2025/01/14 21:04:53 [notice] 1#1: built by gcc 13.2.1 20240309 (Alpine 13.2.1_git20240309) 
2025/01/14 21:04:53 [notice] 1#1: OS: Linux 6.12.9-arch1-1
2025/01/14 21:04:53 [notice] 1#1: getrlimit(RLIMIT_NOFILE): 1024:524288
2025/01/14 21:04:53 [notice] 1#1: start worker processes
2025/01/14 21:04:53 [notice] 1#1: start worker process 29
2025/01/14 21:04:53 [notice] 1#1: start worker process 30
2025/01/14 21:04:53 [notice] 1#1: start worker process 31
2025/01/14 21:04:53 [notice] 1#1: start worker process 32
2025/01/14 21:05:28 [notice] 1#1: signal 3 (SIGQUIT) received, shutting down
2025/01/14 21:05:28 [notice] 29#29: gracefully shutting down
2025/01/14 21:05:28 [notice] 30#30: gracefully shutting down
2025/01/14 21:05:28 [notice] 29#29: exiting
2025/01/14 21:05:28 [notice] 30#30: exiting
2025/01/14 21:05:28 [notice] 30#30: exit
2025/01/14 21:05:28 [notice] 29#29: exit
2025/01/14 21:05:28 [notice] 32#32: gracefully shutting down
2025/01/14 21:05:28 [notice] 32#32: exiting
2025/01/14 21:05:28 [notice] 31#31: gracefully shutting down
2025/01/14 21:05:28 [notice] 31#31: exiting
2025/01/14 21:05:28 [notice] 32#32: exit
2025/01/14 21:05:28 [notice] 31#31: exit
2025/01/14 21:05:28 [notice] 1#1: signal 17 (SIGCHLD) received from 30
2025/01/14 21:05:28 [notice] 1#1: worker process 30 exited with code 0
2025/01/14 21:05:28 [notice] 1#1: worker process 31 exited with code 0
2025/01/14 21:05:28 [notice] 1#1: worker process 32 exited with code 0
2025/01/14 21:05:28 [notice] 1#1: signal 29 (SIGIO) received
2025/01/14 21:05:28 [notice] 1#1: signal 17 (SIGCHLD) received from 32
2025/01/14 21:05:28 [notice] 1#1: signal 17 (SIGCHLD) received from 29
2025/01/14 21:05:28 [notice] 1#1: worker process 29 exited with code 0
2025/01/14 21:05:28 [notice] 1#1: exit
2025/01/14 21:06:07 [notice] 1#1: using the "epoll" event method
2025/01/14 21:06:07 [notice] 1#1: nginx/1.27.3
2025/01/14 21:06:07 [notice] 1#1: built by gcc 13.2.1 20240309 (Alpine 13.2.1_git20240309) 
2025/01/14 21:06:07 [notice] 1#1: OS: Linux 6.12.9-arch1-1
2025/01/14 21:06:07 [notice] 1#1: getrlimit(RLIMIT_NOFILE): 1024:524288
2025/01/14 21:06:07 [notice] 1#1: start worker processes
2025/01/14 21:06:07 [notice] 1#1: start worker process 29
2025/01/14 21:06:07 [notice] 1#1: start worker process 30
2025/01/14 21:06:07 [notice] 1#1: start worker process 31
2025/01/14 21:06:07 [notice] 1#1: start worker process 32
2025/01/14 21:15:43 [notice] 1#1: signal 3 (SIGQUIT) received, shutting down
2025/01/14 21:15:43 [notice] 30#30: gracefully shutting down
2025/01/14 21:15:43 [notice] 29#29: gracefully shutting down
2025/01/14 21:15:43 [notice] 31#31: gracefully shutting down
2025/01/14 21:15:43 [notice] 30#30: exiting
2025/01/14 21:15:43 [notice] 29#29: exiting
2025/01/14 21:15:43 [notice] 31#31: exiting
2025/01/14 21:15:43 [notice] 29#29: exit
2025/01/14 21:15:43 [notice] 30#30: exit
2025/01/14 21:15:43 [notice] 31#31: exit
2025/01/14 21:15:43 [notice] 32#32: gracefully shutting down
2025/01/14 21:15:43 [notice] 32#32: exiting
2025/01/14 21:15:43 [notice] 32#32: exit
2025/01/14 21:15:43 [notice] 1#1: signal 17 (SIGCHLD) received from 29
2025/01/14 21:15:43 [notice] 1#1: worker process 29 exited with code 0
2025/01/14 21:15:43 [notice] 1#1: worker process 31 exited with code 0
2025/01/14 21:15:43 [notice] 1#1: signal 29 (SIGIO) received
2025/01/14 21:15:43 [notice] 1#1: signal 17 (SIGCHLD) received from 31
2025/01/14 21:15:43 [notice] 1#1: signal 17 (SIGCHLD) received from 30
2025/01/14 21:15:43 [notice] 1#1: worker process 30 exited with code 0
2025/01/14 21:15:43 [notice] 1#1: worker process 32 exited with code 0
2025/01/14 21:15:43 [notice] 1#1: exit
2025/01/14 21:19:54 [emerg] 1#1: host not found in upstream "php-wdpai" in /etc/nginx/conf.d/default.conf:19
2025/01/14 21:21:23 [emerg] 1#1: host not found in upstream "php-wdpai" in /etc/nginx/conf.d/default.conf:19
2025/01/14 21:28:12 [emerg] 1#1: host not found in upstream "php-wdpai" in /etc/nginx/conf.d/default.conf:19
2025/01/14 21:37:22 [notice] 1#1: using the "epoll" event method
2025/01/14 21:37:22 [notice] 1#1: nginx/1.27.3
2025/01/14 21:37:22 [notice] 1#1: built by gcc 13.2.1 20240309 (Alpine 13.2.1_git20240309) 
2025/01/14 21:37:22 [notice] 1#1: OS: Linux 6.12.9-arch1-1
2025/01/14 21:37:22 [notice] 1#1: getrlimit(RLIMIT_NOFILE): 1024:524288
2025/01/14 21:37:22 [notice] 1#1: start worker processes
2025/01/14 21:37:22 [notice] 1#1: start worker process 28
2025/01/14 21:37:22 [notice] 1#1: start worker process 29
2025/01/14 21:37:22 [notice] 1#1: start worker process 30
2025/01/14 21:37:22 [notice] 1#1: start worker process 31
2025/01/14 21:37:47 [notice] 1#1: signal 3 (SIGQUIT) received, shutting down
2025/01/14 21:37:47 [notice] 28#28: gracefully shutting down
2025/01/14 21:37:47 [notice] 30#30: gracefully shutting down
2025/01/14 21:37:47 [notice] 29#29: gracefully shutting down
2025/01/14 21:37:47 [notice] 30#30: exiting
2025/01/14 21:37:47 [notice] 29#29: exiting
2025/01/14 21:37:47 [notice] 28#28: exiting
2025/01/14 21:37:47 [notice] 30#30: exit
2025/01/14 21:37:47 [notice] 28#28: exit
2025/01/14 21:37:47 [notice] 29#29: exit
2025/01/14 21:37:47 [notice] 31#31: gracefully shutting down
2025/01/14 21:37:47 [notice] 31#31: exiting
2025/01/14 21:37:47 [notice] 31#31: exit
2025/01/14 21:37:47 [notice] 1#1: signal 17 (SIGCHLD) received from 30
2025/01/14 21:37:47 [notice] 1#1: worker process 30 exited with code 0
2025/01/14 21:37:47 [notice] 1#1: signal 29 (SIGIO) received
2025/01/14 21:37:47 [notice] 1#1: signal 17 (SIGCHLD) received from 29
2025/01/14 21:37:47 [notice] 1#1: worker process 29 exited with code 0
2025/01/14 21:37:47 [notice] 1#1: signal 29 (SIGIO) received
2025/01/14 21:37:47 [notice] 1#1: signal 17 (SIGCHLD) received from 31
2025/01/14 21:37:47 [notice] 1#1: worker process 28 exited with code 0
2025/01/14 21:37:47 [notice] 1#1: worker process 31 exited with code 0
2025/01/14 21:37:47 [notice] 1#1: exit
2025/01/14 21:37:59 [notice] 1#1: using the "epoll" event method
2025/01/14 21:37:59 [notice] 1#1: nginx/1.27.3
2025/01/14 21:37:59 [notice] 1#1: built by gcc 13.2.1 20240309 (Alpine 13.2.1_git20240309) 
2025/01/14 21:37:59 [notice] 1#1: OS: Linux 6.12.9-arch1-1
2025/01/14 21:37:59 [notice] 1#1: getrlimit(RLIMIT_NOFILE): 1024:524288
2025/01/14 21:37:59 [notice] 1#1: start worker processes
2025/01/14 21:37:59 [notice] 1#1: start worker process 29
2025/01/14 21:37:59 [notice] 1#1: start worker process 30
2025/01/14 21:37:59 [notice] 1#1: start worker process 31
2025/01/14 21:37:59 [notice] 1#1: start worker process 32
2025/01/14 21:39:22 [notice] 1#1: signal 3 (SIGQUIT) received, shutting down
2025/01/14 21:39:22 [notice] 29#29: gracefully shutting down
2025/01/14 21:39:22 [notice] 30#30: gracefully shutting down
2025/01/14 21:39:22 [notice] 30#30: exiting
2025/01/14 21:39:22 [notice] 31#31: gracefully shutting down
2025/01/14 21:39:22 [notice] 32#32: gracefully shutting down
2025/01/14 21:39:22 [notice] 32#32: exiting
2025/01/14 21:39:22 [notice] 29#29: exiting
2025/01/14 21:39:22 [notice] 31#31: exiting
2025/01/14 21:39:22 [notice] 30#30: exit
2025/01/14 21:39:22 [notice] 31#31: exit
2025/01/14 21:39:22 [notice] 29#29: exit
2025/01/14 21:39:22 [notice] 32#32: exit
2025/01/14 21:39:22 [notice] 1#1: signal 17 (SIGCHLD) received from 31
2025/01/14 21:39:22 [notice] 1#1: worker process 29 exited with code 0
2025/01/14 21:39:22 [notice] 1#1: worker process 30 exited with code 0
2025/01/14 21:39:22 [notice] 1#1: worker process 31 exited with code 0
2025/01/14 21:39:22 [notice] 1#1: signal 29 (SIGIO) received
2025/01/14 21:39:22 [notice] 1#1: signal 17 (SIGCHLD) received from 29
2025/01/14 21:39:22 [notice] 1#1: signal 17 (SIGCHLD) received from 32
2025/01/14 21:39:22 [notice] 1#1: worker process 32 exited with code 0
2025/01/14 21:39:22 [notice] 1#1: exit
2025/01/14 21:39:39 [notice] 1#1: using the "epoll" event method
2025/01/14 21:39:39 [notice] 1#1: nginx/1.27.3
2025/01/14 21:39:39 [notice] 1#1: built by gcc 13.2.1 20240309 (Alpine 13.2.1_git20240309) 
2025/01/14 21:39:39 [notice] 1#1: OS: Linux 6.12.9-arch1-1
2025/01/14 21:39:39 [notice] 1#1: getrlimit(RLIMIT_NOFILE): 1024:524288
2025/01/14 21:39:39 [notice] 1#1: start worker processes
2025/01/14 21:39:39 [notice] 1#1: start worker process 29
2025/01/14 21:39:39 [notice] 1#1: start worker process 30
2025/01/14 21:39:39 [notice] 1#1: start worker process 31
2025/01/14 21:39:39 [notice] 1#1: start worker process 32
2025/01/14 21:39:51 [notice] 1#1: signal 3 (SIGQUIT) received, shutting down
2025/01/14 21:39:51 [notice] 29#29: gracefully shutting down
2025/01/14 21:39:51 [notice] 30#30: gracefully shutting down
2025/01/14 21:39:51 [notice] 30#30: exiting
2025/01/14 21:39:51 [notice] 31#31: gracefully shutting down
2025/01/14 21:39:51 [notice] 31#31: exiting
2025/01/14 21:39:51 [notice] 31#31: exit
2025/01/14 21:39:51 [notice] 29#29: exiting
2025/01/14 21:39:51 [notice] 32#32: gracefully shutting down
2025/01/14 21:39:51 [notice] 32#32: exiting
2025/01/14 21:39:51 [notice] 32#32: exit
2025/01/14 21:39:51 [notice] 30#30: exit
2025/01/14 21:39:51 [notice] 29#29: exit
2025/01/14 21:39:51 [notice] 1#1: signal 17 (SIGCHLD) received from 31
2025/01/14 21:39:51 [notice] 1#1: worker process 30 exited with code 0
2025/01/14 21:39:51 [notice] 1#1: worker process 31 exited with code 0
2025/01/14 21:39:51 [notice] 1#1: signal 29 (SIGIO) received
2025/01/14 21:39:51 [notice] 1#1: signal 17 (SIGCHLD) received from 32
2025/01/14 21:39:51 [notice] 1#1: worker process 32 exited with code 0
2025/01/14 21:39:51 [notice] 1#1: signal 29 (SIGIO) received
2025/01/14 21:39:51 [notice] 1#1: signal 17 (SIGCHLD) received from 29
2025/01/14 21:39:51 [notice] 1#1: worker process 29 exited with code 0
2025/01/14 21:39:51 [notice] 1#1: exit
2025/01/14 21:40:43 [notice] 1#1: using the "epoll" event method
2025/01/14 21:40:43 [notice] 1#1: nginx/1.27.3
2025/01/14 21:40:43 [notice] 1#1: built by gcc 13.2.1 20240309 (Alpine 13.2.1_git20240309) 
2025/01/14 21:40:43 [notice] 1#1: OS: Linux 6.12.9-arch1-1
2025/01/14 21:40:43 [notice] 1#1: getrlimit(RLIMIT_NOFILE): 1024:524288
2025/01/14 21:40:43 [notice] 1#1: start worker processes
2025/01/14 21:40:43 [notice] 1#1: start worker process 29
2025/01/14 21:40:43 [notice] 1#1: start worker process 30
2025/01/14 21:40:43 [notice] 1#1: start worker process 31
2025/01/14 21:40:43 [notice] 1#1: start worker process 32
2025/01/14 21:50:10 [notice] 1#1: signal 3 (SIGQUIT) received, shutting down
2025/01/14 21:50:10 [notice] 29#29: gracefully shutting down
2025/01/14 21:50:10 [notice] 31#31: gracefully shutting down
2025/01/14 21:50:10 [notice] 30#30: gracefully shutting down
2025/01/14 21:50:10 [notice] 29#29: exiting
2025/01/14 21:50:10 [notice] 31#31: exiting
2025/01/14 21:50:10 [notice] 30#30: exiting
2025/01/14 21:50:10 [notice] 32#32: gracefully shutting down
2025/01/14 21:50:10 [notice] 30#30: exit
2025/01/14 21:50:10 [notice] 29#29: exit
2025/01/14 21:50:10 [notice] 32#32: exiting
2025/01/14 21:50:10 [notice] 32#32: exit
2025/01/14 21:50:10 [notice] 31#31: exit
2025/01/14 21:50:10 [notice] 1#1: signal 17 (SIGCHLD) received from 32
2025/01/14 21:50:10 [notice] 1#1: worker process 30 exited with code 0
2025/01/14 21:50:10 [notice] 1#1: worker process 32 exited with code 0
2025/01/14 21:50:10 [notice] 1#1: signal 29 (SIGIO) received
2025/01/14 21:50:10 [notice] 1#1: signal 17 (SIGCHLD) received from 29
2025/01/14 21:50:10 [notice] 1#1: worker process 29 exited with code 0
2025/01/14 21:50:10 [notice] 1#1: signal 29 (SIGIO) received
2025/01/14 21:50:10 [notice] 1#1: signal 17 (SIGCHLD) received from 31
2025/01/14 21:50:10 [notice] 1#1: worker process 31 exited with code 0
2025/01/14 21:50:10 [notice] 1#1: exit
2025/01/14 21:50:41 [notice] 1#1: using the "epoll" event method
2025/01/14 21:50:41 [notice] 1#1: nginx/1.27.3
2025/01/14 21:50:41 [notice] 1#1: built by gcc 13.2.1 20240309 (Alpine 13.2.1_git20240309) 
2025/01/14 21:50:41 [notice] 1#1: OS: Linux 6.12.9-arch1-1
2025/01/14 21:50:41 [notice] 1#1: getrlimit(RLIMIT_NOFILE): 1024:524288
2025/01/14 21:50:41 [notice] 1#1: start worker processes
2025/01/14 21:50:41 [notice] 1#1: start worker process 29
2025/01/14 21:50:41 [notice] 1#1: start worker process 30
2025/01/14 21:50:41 [notice] 1#1: start worker process 31
2025/01/14 21:50:41 [notice] 1#1: start worker process 32
2025/01/14 21:56:09 [notice] 1#1: signal 3 (SIGQUIT) received, shutting down
2025/01/14 21:56:09 [notice] 29#29: gracefully shutting down
2025/01/14 21:56:09 [notice] 30#30: gracefully shutting down
2025/01/14 21:56:09 [notice] 29#29: exiting
2025/01/14 21:56:09 [notice] 30#30: exiting
2025/01/14 21:56:09 [notice] 29#29: exit
2025/01/14 21:56:09 [notice] 30#30: exit
2025/01/14 21:56:09 [notice] 31#31: gracefully shutting down
2025/01/14 21:56:09 [notice] 32#32: gracefully shutting down
2025/01/14 21:56:09 [notice] 32#32: exiting
2025/01/14 21:56:09 [notice] 31#31: exiting
2025/01/14 21:56:09 [notice] 32#32: exit
2025/01/14 21:56:09 [notice] 31#31: exit
2025/01/14 21:56:09 [notice] 1#1: signal 17 (SIGCHLD) received from 30
2025/01/14 21:56:09 [notice] 1#1: worker process 30 exited with code 0
2025/01/14 21:56:09 [notice] 1#1: worker process 31 exited with code 0
2025/01/14 21:56:09 [notice] 1#1: worker process 32 exited with code 0
2025/01/14 21:56:09 [notice] 1#1: signal 29 (SIGIO) received
2025/01/14 21:56:09 [notice] 1#1: signal 17 (SIGCHLD) received from 29
2025/01/14 21:56:09 [notice] 1#1: worker process 29 exited with code 0
2025/01/14 21:56:09 [notice] 1#1: exit
2025/01/14 21:56:42 [notice] 1#1: using the "epoll" event method
2025/01/14 21:56:42 [notice] 1#1: nginx/1.27.3
2025/01/14 21:56:42 [notice] 1#1: built by gcc 13.2.1 20240309 (Alpine 13.2.1_git20240309) 
2025/01/14 21:56:42 [notice] 1#1: OS: Linux 6.12.9-arch1-1
2025/01/14 21:56:42 [notice] 1#1: getrlimit(RLIMIT_NOFILE): 1024:524288
2025/01/14 21:56:42 [notice] 1#1: start worker processes
2025/01/14 21:56:42 [notice] 1#1: start worker process 29
2025/01/14 21:56:42 [notice] 1#1: start worker process 30
2025/01/14 21:56:42 [notice] 1#1: start worker process 31
2025/01/14 21:56:42 [notice] 1#1: start worker process 32
2025/01/14 21:57:29 [notice] 1#1: signal 3 (SIGQUIT) received, shutting down
2025/01/14 21:57:29 [notice] 29#29: gracefully shutting down
2025/01/14 21:57:29 [notice] 30#30: gracefully shutting down
2025/01/14 21:57:29 [notice] 30#30: exiting
2025/01/14 21:57:29 [notice] 31#31: gracefully shutting down
2025/01/14 21:57:29 [notice] 31#31: exiting
2025/01/14 21:57:29 [notice] 32#32: gracefully shutting down
2025/01/14 21:57:29 [notice] 32#32: exiting
2025/01/14 21:57:29 [notice] 30#30: exit
2025/01/14 21:57:29 [notice] 29#29: exiting
2025/01/14 21:57:29 [notice] 32#32: exit
2025/01/14 21:57:29 [notice] 29#29: exit
2025/01/14 21:57:29 [notice] 31#31: exit
2025/01/14 21:57:29 [notice] 1#1: signal 17 (SIGCHLD) received from 29
2025/01/14 21:57:29 [notice] 1#1: worker process 29 exited with code 0
2025/01/14 21:57:29 [notice] 1#1: worker process 31 exited with code 0
2025/01/14 21:57:29 [notice] 1#1: signal 29 (SIGIO) received
2025/01/14 21:57:29 [notice] 1#1: signal 17 (SIGCHLD) received from 31
2025/01/14 21:57:29 [notice] 1#1: signal 17 (SIGCHLD) received from 32
2025/01/14 21:57:29 [notice] 1#1: worker process 30 exited with code 0
2025/01/14 21:57:29 [notice] 1#1: worker process 32 exited with code 0
2025/01/14 21:57:29 [notice] 1#1: exit
2025/01/14 21:58:00 [notice] 1#1: using the "epoll" event method
2025/01/14 21:58:00 [notice] 1#1: nginx/1.27.3
2025/01/14 21:58:00 [notice] 1#1: built by gcc 13.2.1 20240309 (Alpine 13.2.1_git20240309) 
2025/01/14 21:58:00 [notice] 1#1: OS: Linux 6.12.9-arch1-1
2025/01/14 21:58:00 [notice] 1#1: getrlimit(RLIMIT_NOFILE): 1024:524288
2025/01/14 21:58:00 [notice] 1#1: start worker processes
2025/01/14 21:58:00 [notice] 1#1: start worker process 29
2025/01/14 21:58:00 [notice] 1#1: start worker process 30
2025/01/14 21:58:00 [notice] 1#1: start worker process 31
2025/01/14 21:58:00 [notice] 1#1: start worker process 32
2025/01/15 00:34:02 [notice] 1#1: signal 3 (SIGQUIT) received, shutting down
2025/01/15 00:34:02 [notice] 30#30: gracefully shutting down
2025/01/15 00:34:02 [notice] 31#31: gracefully shutting down
2025/01/15 00:34:02 [notice] 32#32: gracefully shutting down
2025/01/15 00:34:02 [notice] 29#29: gracefully shutting down
2025/01/15 00:34:02 [notice] 31#31: exiting
2025/01/15 00:34:02 [notice] 29#29: exiting
2025/01/15 00:34:02 [notice] 30#30: exiting
2025/01/15 00:34:02 [notice] 32#32: exiting
2025/01/15 00:34:02 [notice] 31#31: exit
2025/01/15 00:34:02 [notice] 32#32: exit
2025/01/15 00:34:02 [notice] 30#30: exit
2025/01/15 00:34:02 [notice] 29#29: exit
2025/01/15 00:34:02 [notice] 1#1: signal 17 (SIGCHLD) received from 31
2025/01/15 00:34:02 [notice] 1#1: worker process 29 exited with code 0
2025/01/15 00:34:02 [notice] 1#1: worker process 31 exited with code 0
2025/01/15 00:34:02 [notice] 1#1: signal 29 (SIGIO) received
2025/01/15 00:34:02 [notice] 1#1: signal 17 (SIGCHLD) received from 32
2025/01/15 00:34:02 [notice] 1#1: worker process 30 exited with code 0
2025/01/15 00:34:02 [notice] 1#1: worker process 32 exited with code 0
2025/01/15 00:34:02 [notice] 1#1: exit
